This is pdfTeX, Version 3.141592653-2.6-1.40.25 (TeX Live 2023/Debian) (preloaded format=pdflatex 2024.9.24)  1 OCT 2024 16:14
entering extended mode
 restricted \write18 enabled.
 file:line:error style messages enabled.
 %&-line parsing enabled.
**/home/danaukes/repos/code/code_pandoc_plus/python/pandoc_plus/support/templates/book.tex
(/home/danaukes/repos/code/code_pandoc_plus/python/pandoc_plus/support/templates/book.tex
LaTeX2e <2023-11-01> patch level 1
L3 programming layer <2024-01-22>

/home/danaukes/repos/code/code_pandoc_plus/python/pandoc_plus/support/templates/book.tex:1: LaTeX Error: Missing \begin{document}.

See the LaTeX manual or LaTeX Companion for explanation.
Type  H <return>  for immediate help.
 ...                                              
                                                  
l.1 $
     if(heading-skip-before)$
You're in trouble here.  Try typing  <return>  to proceed.
If that doesn't work, type  X <return>  to quit.

LaTeX Font Info:    External font `cmex10' loaded for size
(Font)              <7> on input line 1.
LaTeX Font Info:    External font `cmex10' loaded for size
(Font)              <5> on input line 1.

Overfull \hbox (76.56863pt too wide) in paragraph at lines 1--6
[]$\OML/cmm/m/it/10 if\OT1/cmr/m/n/10 (\OML/cmm/m/it/10 heading \OMS/cmsy/m/n/10 ^^@
 []


Overfull \hbox (26.46252pt too wide) in paragraph at lines 1--6
\OML/cmm/m/it/10 skip \OMS/cmsy/m/n/10 ^^@
 []


Overfull \hbox (33.10194pt too wide) in paragraph at lines 1--6
\OML/cmm/m/it/10 before\OT1/cmr/m/n/10 )$
 []


Overfull \hbox (17.1806pt too wide) in paragraph at lines 1--6
\OML/cmm/m/it/10 else$
 []


Overfull \hbox (25.28087pt too wide) in paragraph at lines 1--6
\OML/cmm/m/it/10 endif$ 
 []


/home/danaukes/repos/code/code_pandoc_plus/python/pandoc_plus/support/templates/book.tex:7: LaTeX Error: Missing \begin{document}.

See the LaTeX manual or LaTeX Companion for explanation.
Type  H <return>  for immediate help.
 ...                                              
                                                  
l.7 $
     if(heading-skip-after)$
You're in trouble here.  Try typing  <return>  to proceed.
If that doesn't work, type  X <return>  to quit.


Overfull \hbox (76.56863pt too wide) in paragraph at lines 7--12
[]$\OML/cmm/m/it/10 if\OT1/cmr/m/n/10 (\OML/cmm/m/it/10 heading \OMS/cmsy/m/n/10 ^^@
 []


Overfull \hbox (26.46252pt too wide) in paragraph at lines 7--12
\OML/cmm/m/it/10 skip \OMS/cmsy/m/n/10 ^^@
 []


Overfull \hbox (28.2038pt too wide) in paragraph at lines 7--12
\OML/cmm/m/it/10 after\OT1/cmr/m/n/10 )$
 []


Overfull \hbox (17.1806pt too wide) in paragraph at lines 7--12
\OML/cmm/m/it/10 else$
 []


Overfull \hbox (25.28087pt too wide) in paragraph at lines 7--12
\OML/cmm/m/it/10 endif$ 
 []


/home/danaukes/repos/code/code_pandoc_plus/python/pandoc_plus/support/templates/book.tex:13: LaTeX Error: Missing \begin{document}.

See the LaTeX manual or LaTeX Companion for explanation.
Type  H <return>  for immediate help.
 ...                                              
                                                  
l.13 $
      if(par-skip)$
You're in trouble here.  Try typing  <return>  to proceed.
If that doesn't work, type  X <return>  to quit.


Overfull \hbox (56.1906pt too wide) in paragraph at lines 13--18
[]$\OML/cmm/m/it/10 if\OT1/cmr/m/n/10 (\OML/cmm/m/it/10 par \OMS/cmsy/m/n/10 ^^@
 []


Overfull \hbox (22.57362pt too wide) in paragraph at lines 13--18
\OML/cmm/m/it/10 skip\OT1/cmr/m/n/10 )$
 []


Overfull \hbox (17.1806pt too wide) in paragraph at lines 13--18
\OML/cmm/m/it/10 else$
 []


Overfull \hbox (25.28087pt too wide) in paragraph at lines 13--18
\OML/cmm/m/it/10 endif$ 
 []


/home/danaukes/repos/code/code_pandoc_plus/python/pandoc_plus/support/templates/book.tex:22: LaTeX Error: Missing \begin{document}.

See the LaTeX manual or LaTeX Companion for explanation.
Type  H <return>  for immediate help.
 ...                                              
                                                  
l.22 $
      if(colorlinks)$
You're in trouble here.  Try typing  <return>  to proceed.
If that doesn't work, type  X <return>  to quit.


! LaTeX Error: File `$documentclass$.cls' not found.

Type X to quit or <RETURN> to proceed,
or enter new name. (Default extension: cls)

Enter file name: 
/home/danaukes/repos/code/code_pandoc_plus/python/pandoc_plus/support/templates/book.tex:52: Emergency stop.
<read *> 
         
l.52 $
      if(beamer)$^^M
*** (cannot \read from terminal in nonstop modes)

 
Here is how much of TeX's memory you used:
 43 strings out of 474222
 1102 string characters out of 5748733
 1922975 words of memory out of 5000000
 22396 multiletter control sequences out of 15000+600000
 558069 words of font info for 36 fonts, out of 8000000 for 9000
 1141 hyphenation exceptions out of 8191
 19i,1n,29p,212b,57s stack positions out of 10000i,1000n,20000p,200000b,200000s
/home/danaukes/repos/code/code_pandoc_plus/python/pandoc_plus/support/templates/book.tex:52:  ==> Fatal error occurred, no output PDF file produced!
